2025-12-18 13:49:56,879: INFO: main: Flag Pembayaran Listrik 5mio Process starting...
2025-12-18 13:49:56,879: INFO: flag: Processing Flagged Flag Pembayaran Listrik 5mio data...
2025-12-18 13:49:56,880: INFO: flag: Loading historical Flag Pembayaran Listrik 5mio data...
2025-12-18 13:49:56,886: INFO: flag: Total Flag Pembayaran Listrik 5mio records: 20661
2025-12-18 13:49:56,887: INFO: flag: Succeeded loading historical Flag Pembayaran Listrik 5mio data.
2025-12-18 13:49:56,887: INFO: flag: Calculating flagged transaction data...
2025-12-18 13:49:57,284: INFO: flag: Found 21 flagged records.
2025-12-18 13:49:57,285: INFO: flag: Saving daily flagged Flag Pembayaran Listrik 5mio transactions...
2025-12-18 13:49:57,285: INFO: flag: Saving into flagged/listrik_5mio_flag.parquet.
2025-12-18 13:49:57,429: INFO: flag: Saving daily flagged Flag Pembayaran Listrik 5mio transactions succeed.
2025-12-18 13:49:57,429: INFO: main: Flag Pembayaran Listrik 5mio IDR completed.
2025-12-18 15:55:19,872: INFO: main: Flag Pembayaran Listrik 5mio Process starting...
2025-12-18 15:55:19,872: INFO: flag: Processing Flagged Flag Pembayaran Listrik 5mio data...
2025-12-18 15:55:19,872: INFO: flag: Loading historical Flag Pembayaran Listrik 5mio data...
2025-12-18 15:55:19,879: INFO: flag: Total Flag Pembayaran Listrik 5mio records: 20661
2025-12-18 15:55:19,879: INFO: flag: Succeeded loading historical Flag Pembayaran Listrik 5mio data.
2025-12-18 15:55:19,879: INFO: flag: Calculating flagged transaction data...
2025-12-18 15:55:20,396: INFO: flag: Found 21 flagged records.
2025-12-18 15:55:20,397: INFO: flag: Saving daily flagged Flag Pembayaran Listrik 5mio transactions...
2025-12-18 15:55:20,397: INFO: flag: Saving into flagged/listrik_5mio_flag.parquet.
2025-12-18 15:55:20,588: INFO: flag: Saving daily flagged Flag Pembayaran Listrik 5mio transactions succeed.
2025-12-18 15:55:20,589: INFO: main: Flag Pembayaran Listrik 5mio IDR completed.
