2025-12-18 06:44:47,069: INFO: main: Flag Pembayaran Listrik 10min Process starting...
2025-12-18 06:44:47,069: INFO: flag: Processing Flagged Flag Pembayaran Listrik 10 data...
2025-12-18 06:44:47,070: INFO: flag: Loading historical Flag Pembayaran Listrik 10 data...
2025-12-18 06:44:47,077: INFO: flag: Total Flag Pembayaran Listrik 10 records: 10430
2025-12-18 06:44:47,077: INFO: flag: Succeeded loading historical Flag Pembayaran Listrik 10 data.
2025-12-18 06:44:47,077: INFO: flag: Calculating flagged transaction data...
2025-12-18 06:44:47,115: INFO: flag: Found 69 flagged records.
2025-12-18 06:44:47,115: INFO: flag: Saving daily flagged Flag Pembayaran Listrik 10 transactions...
2025-12-18 06:44:47,115: INFO: flag: Saving into flagged/listrik_10min_flag.parquet.
2025-12-18 06:44:47,129: INFO: flag: Saving daily flagged Flag Pembayaran Listrik 10 transactions succeed.
2025-12-18 06:44:47,129: INFO: main: Flag Pembayaran Listrik 10min Process completed.
2025-12-18 06:50:19,067: INFO: main: Flag Pembayaran Listrik 10min Process starting...
2025-12-18 06:50:19,067: INFO: flag: Processing Flagged Flag Pembayaran Listrik 10 data...
2025-12-18 06:50:19,067: INFO: flag: Loading historical Flag Pembayaran Listrik 10 data...
2025-12-18 06:50:19,073: INFO: flag: Total Flag Pembayaran Listrik 10 records: 10430
2025-12-18 06:50:19,074: INFO: flag: Succeeded loading historical Flag Pembayaran Listrik 10 data.
2025-12-18 06:50:19,074: INFO: flag: Calculating flagged transaction data...
2025-12-18 06:50:19,103: INFO: flag: Found 69 flagged records.
2025-12-18 06:50:19,104: INFO: flag: Saving daily flagged Flag Pembayaran Listrik 10 transactions...
2025-12-18 06:50:19,104: INFO: flag: Saving into flagged/listrik_10min_flag.parquet.
2025-12-18 06:50:19,122: INFO: flag: Saving daily flagged Flag Pembayaran Listrik 10 transactions succeed.
2025-12-18 06:50:19,122: INFO: main: Flag Pembayaran Listrik 10min Process completed.
2025-12-18 08:55:31,635: INFO: main: Flag Pembayaran Listrik 10min Process starting...
2025-12-18 08:55:31,636: INFO: flag: Processing Flagged Flag Pembayaran Listrik 10 data...
2025-12-18 08:55:31,636: INFO: flag: Loading historical Flag Pembayaran Listrik 10 data...
2025-12-18 08:55:31,639: ERROR: flag: Error loading historical Flag Pembayaran Listrik 10 data: No such file or directory (os error 2): /home/ubuntu/bvic/ibmb_script/e_wallet/historical/data/ewallet_historical_data.parquet

This error occurred with the following context stack:
	[1] 'parquet scan'
	[2] 'select'
	[3] 'select'
	[4] 'sink'
.
2025-12-18 08:55:31,640: ERROR: flag: Flag Flag Pembayaran Listrik 10 Process terminated.
2025-12-18 08:55:31,641: INFO: main: Flag Pembayaran Listrik 10min Process completed.
2025-12-18 08:55:56,903: INFO: main: Flag Pembayaran Listrik 10min Process starting...
2025-12-18 08:55:56,903: INFO: flag: Processing Flagged Flag Pembayaran Listrik 10 data...
2025-12-18 08:55:56,903: INFO: flag: Loading historical Flag Pembayaran Listrik 10 data...
2025-12-18 08:55:56,916: INFO: flag: Total Flag Pembayaran Listrik 10 records: 20661
2025-12-18 08:55:56,917: INFO: flag: Succeeded loading historical Flag Pembayaran Listrik 10 data.
2025-12-18 08:55:56,917: INFO: flag: Calculating flagged transaction data...
2025-12-18 08:55:56,985: INFO: flag: Found 636 flagged records.
2025-12-18 08:55:56,985: INFO: flag: Saving daily flagged Flag Pembayaran Listrik 10 transactions...
2025-12-18 08:55:56,985: INFO: flag: Saving into flagged/listrik_10min_flag.parquet.
2025-12-18 08:55:57,011: INFO: flag: Saving daily flagged Flag Pembayaran Listrik 10 transactions succeed.
2025-12-18 08:55:57,012: INFO: main: Flag Pembayaran Listrik 10min Process completed.
